Using pre-set license
Built from '2020.3/staging' branch; Version is '2020.3.3f1 (76626098c1c4) revision 7758432'; Using compiler version '192528614'; Build Type 'Release'
OS: 'Windows 10 Home; OS build 19043.1288; Version 2009; 64bit' Language: 'en' Physical Memory: 32711 MB
BatchMode: 1, IsHumanControllingUs: 0, StartBugReporterOnCrash: 0, Is64bit: 1, IsPro: 0

 COMMAND LINE ARGUMENTS:
C:\Program Files\Unity\Hub\Editor\2020.3.3f1\Editor\Unity.exe
-adb2
-batchMode
-noUpm
-name
AssetImportWorker0
-projectPath
D:/[TEMP]Class Files/csma_302_4
-logFile
Logs/AssetImportWorker0.log
-srvPort
64191
Successfully changed project path to: D:/[TEMP]Class Files/csma_302_4
D:/[TEMP]Class Files/csma_302_4
Using Asset Import Pipeline V2.
Refreshing native plugins compatible for Editor in 20.23 ms, found 2 plugins.
Preloading 0 native plugins for Editor in 0.00 ms.
Initialize engine version: 2020.3.3f1 (76626098c1c4)
[Subsystems] Discovering subsystems at path C:/Program Files/Unity/Hub/Editor/2020.3.3f1/Editor/Data/Resources/UnitySubsystems
[Subsystems] Discovering subsystems at path D:/[TEMP]Class Files/csma_302_4/Assets
GfxDevice: creating device client; threaded=0
Direct3D:
    Version:  Direct3D 11.0 [level 11.1]
    Renderer: NVIDIA GeForce GTX 1080 (ID=0x1b80)
    Vendor:   
    VRAM:     8079 MB
    Driver:   30.0.14.7168
Initialize mono
Mono path[0] = 'C:/Program Files/Unity/Hub/Editor/2020.3.3f1/Editor/Data/Managed'
Mono path[1] = 'C:/Program Files/Unity/Hub/Editor/2020.3.3f1/Editor/Data/MonoBleedingEdge/lib/mono/unityjit'
Mono config path = 'C:/Program Files/Unity/Hub/Editor/2020.3.3f1/Editor/Data/MonoBleedingEdge/etc'
Using monoOptions --debugger-agent=transport=dt_socket,embedding=1,server=y,suspend=n,address=127.0.0.1:56132
Begin MonoManager ReloadAssembly
Registering precompiled unity dll's ...
Register platform support module: C:/Program Files/Unity/Hub/Editor/2020.3.3f1/Editor/Data/PlaybackEngines/WindowsStandaloneSupport/UnityEditor.WindowsStandalone.Extensions.dll
Registered in 0.001417 seconds.
Native extension for WindowsStandalone target not found
Refreshing native plugins compatible for Editor in 19.83 ms, found 2 plugins.
Preloading 0 native plugins for Editor in 0.00 ms.
Invoked RoslynAnalysisRunner static constructor.
RoslynAnalysisRunner will not be running.
RoslynAnalysisRunner has terminated.
Mono: successfully reloaded assembly
- Completed reload, in  0.679 seconds
Platform modules already initialized, skipping
Registering precompiled user dll's ...
Registered in 0.001565 seconds.
Begin MonoManager ReloadAssembly
Native extension for WindowsStandalone target not found
Refreshing native plugins compatible for Editor in 0.30 ms, found 2 plugins.
Preloading 0 native plugins for Editor in 0.00 ms.
Invoked RoslynAnalysisRunner static constructor.
RoslynAnalysisRunner will not be running.
RoslynAnalysisRunner has terminated.
Mono: successfully reloaded assembly
- Completed reload, in  0.694 seconds
Platform modules already initialized, skipping
========================================================================
Worker process is ready to serve import requests
Launched and connected shader compiler UnityShaderCompiler.exe after 0.04 seconds
Refreshing native plugins compatible for Editor in 0.32 ms, found 2 plugins.
Preloading 0 native plugins for Editor in 0.00 ms.
Unloading 1398 Unused Serialized files (Serialized files now loaded: 0)
System memory in use before: 64.8 MB.
System memory in use after: 64.9 MB.

Unloading 18 unused Assets to reduce memory usage. Loaded Objects now: 1831.
Total: 1.743700 ms (FindLiveObjects: 0.136600 ms CreateObjectMapping: 0.031800 ms MarkObjects: 1.527600 ms  DeleteObjects: 0.046900 ms)

========================================================================
Received Import Request.
  path: Assets/Scenes
  artifactKey: Guid(9624593aeaa062841ae4e78a430fabc7) Importer(815301076,1909f56bfc062723c751e8b465ee728b)
Start importing Assets/Scenes using Guid(9624593aeaa062841ae4e78a430fabc7) Importer(815301076,1909f56bfc062723c751e8b465ee728b)  -> (artifact id: '58b92986fd70e7fdf84ddbbfe500c2de') in 0.007641 seconds
  Import took 0.009379 seconds .

========================================================================
Received Import Request.
  Time since last request: 0.000163 seconds.
  path: Assets/Scenes/SampleScene.unity
  artifactKey: Guid(9fc0d4010bbf28b4594072e72b8655ab) Importer(815301076,1909f56bfc062723c751e8b465ee728b)
Start importing Assets/Scenes/SampleScene.unity using Guid(9fc0d4010bbf28b4594072e72b8655ab) Importer(815301076,1909f56bfc062723c751e8b465ee728b)  -> (artifact id: '92429beecdb69ee966c1f46c0db07a79') in 0.010158 seconds
  Import took 0.011746 seconds .

========================================================================
Received Import Request.
  Time since last request: 5.309830 seconds.
  path: Assets/Shader/Raymarcher.compute
  artifactKey: Guid(d9bb348a441ab6b42817669329831f8c) Importer(815301076,1909f56bfc062723c751e8b465ee728b)
Start importing Assets/Shader/Raymarcher.compute using Guid(d9bb348a441ab6b42817669329831f8c) Importer(815301076,1909f56bfc062723c751e8b465ee728b)  -> (artifact id: '26460332609ec3fdced04c0330379b02') in 0.016901 seconds
  Import took 0.018897 seconds .

========================================================================
Received Import Request.
  Time since last request: 0.000219 seconds.
  path: Assets/Shader/TestRaymarcher.compute
  artifactKey: Guid(f448a7c1c81ec744cb6a77eb9f47dda3) Importer(815301076,1909f56bfc062723c751e8b465ee728b)
Start importing Assets/Shader/TestRaymarcher.compute using Guid(f448a7c1c81ec744cb6a77eb9f47dda3) Importer(815301076,1909f56bfc062723c751e8b465ee728b)  -> (artifact id: '96b1264f138d72aabe84ac264284022a') in 0.005013 seconds
  Import took 0.006283 seconds .

AssetImportWorkerClient::OnTransportError - code=2 error=End of file
